  Assignment18.cpp
C:\Users\Francesca\OneDrive - Politecnico di Milano\Documenti\Milano\Secondo Semestre\Computer Graphics\Assignments-20220228\A18\A18\models.cpp(330,21): warning C4305: 'inizializzazione': troncamento da 'double' a 'float'
C:\Users\Francesca\OneDrive - Politecnico di Milano\Documenti\Milano\Secondo Semestre\Computer Graphics\Assignments-20220228\A18\A18\models.cpp(341,17): warning C4244: '=': conversione da 'double' a 'float'. Possibile perdita di dati.
C:\Users\Francesca\OneDrive - Politecnico di Milano\Documenti\Milano\Secondo Semestre\Computer Graphics\Assignments-20220228\A18\A18\Assignment18.cpp(101,21): warning C4018: '<': errata corrispondenza tra signed e unsigned
C:\Users\Francesca\OneDrive - Politecnico di Milano\Documenti\Milano\Secondo Semestre\Computer Graphics\Assignments-20220228\A18\A18\Assignment18.cpp(1866,1): warning C4305: 'inizializzazione': troncamento da 'double' a 'float'
C:\Users\Francesca\OneDrive - Politecnico di Milano\Documenti\Milano\Secondo Semestre\Computer Graphics\Assignments-20220228\A18\A18\Assignment18.cpp(1867,1): warning C4305: 'inizializzazione': troncamento da 'double' a 'float'
C:\Users\Francesca\OneDrive - Politecnico di Milano\Documenti\Milano\Secondo Semestre\Computer Graphics\Assignments-20220228\A18\A18\Assignment18.cpp(1868,1): warning C4305: 'inizializzazione': troncamento da 'double' a 'float'
C:\Users\Francesca\OneDrive - Politecnico di Milano\Documenti\Milano\Secondo Semestre\Computer Graphics\Assignments-20220228\A18\A18\Assignment18.cpp(1869,1): warning C4305: 'inizializzazione': troncamento da 'double' a 'float'
C:\Users\Francesca\OneDrive - Politecnico di Milano\Documenti\Milano\Secondo Semestre\Computer Graphics\Assignments-20220228\A18\A18\Assignment18.cpp(1883,22): warning C4018: '<': errata corrispondenza tra signed e unsigned
C:\Users\Francesca\OneDrive - Politecnico di Milano\Documenti\Milano\Secondo Semestre\Computer Graphics\Assignments-20220228\A18\A18\Assignment18.cpp(1942,1): warning C4305: 'inizializzazione': troncamento da 'double' a 'float'
C:\Users\Francesca\OneDrive - Politecnico di Milano\Documenti\Milano\Secondo Semestre\Computer Graphics\Assignments-20220228\A18\A18\Assignment18.cpp(1944,20): warning C4018: '<': errata corrispondenza tra signed e unsigned
C:\Users\Francesca\OneDrive - Politecnico di Milano\Documenti\Milano\Secondo Semestre\Computer Graphics\Assignments-20220228\A18\A18\Assignment18.cpp(1960,20): warning C4018: '<': errata corrispondenza tra signed e unsigned
C:\Users\Francesca\OneDrive - Politecnico di Milano\Documenti\Milano\Secondo Semestre\Computer Graphics\Assignments-20220228\A18\A18\Assignment18.cpp(1976,20): warning C4018: '<': errata corrispondenza tra signed e unsigned
C:\Users\Francesca\OneDrive - Politecnico di Milano\Documenti\Milano\Secondo Semestre\Computer Graphics\Assignments-20220228\A18\A18\Assignment18.cpp(1992,20): warning C4018: '<': errata corrispondenza tra signed e unsigned
C:\Users\Francesca\OneDrive - Politecnico di Milano\Documenti\Milano\Secondo Semestre\Computer Graphics\Assignments-20220228\A18\A18\Assignment18.cpp(2013,20): warning C4018: '<': errata corrispondenza tra signed e unsigned
C:\Users\Francesca\OneDrive - Politecnico di Milano\Documenti\Milano\Secondo Semestre\Computer Graphics\Assignments-20220228\A18\A18\Assignment18.cpp(2016,20): warning C4018: '<': errata corrispondenza tra signed e unsigned
C:\Users\Francesca\OneDrive - Politecnico di Milano\Documenti\Milano\Secondo Semestre\Computer Graphics\Assignments-20220228\A18\A18\Assignment18.cpp(2022,20): warning C4018: '<': errata corrispondenza tra signed e unsigned
C:\Users\Francesca\OneDrive - Politecnico di Milano\Documenti\Milano\Secondo Semestre\Computer Graphics\Assignments-20220228\A18\A18\Assignment18.cpp(2031,20): warning C4018: '<': errata corrispondenza tra signed e unsigned
C:\Users\Francesca\OneDrive - Politecnico di Milano\Documenti\Milano\Secondo Semestre\Computer Graphics\Assignments-20220228\A18\A18\Assignment18.cpp(2034,20): warning C4018: '<': errata corrispondenza tra signed e unsigned
C:\Users\Francesca\OneDrive - Politecnico di Milano\Documenti\Milano\Secondo Semestre\Computer Graphics\Assignments-20220228\A18\A18\Assignment18.cpp(2040,20): warning C4018: '<': errata corrispondenza tra signed e unsigned
C:\Users\Francesca\OneDrive - Politecnico di Milano\Documenti\Milano\Secondo Semestre\Computer Graphics\Assignments-20220228\A18\A18\Assignment18.cpp(2049,20): warning C4018: '<': errata corrispondenza tra signed e unsigned
C:\Users\Francesca\OneDrive - Politecnico di Milano\Documenti\Milano\Secondo Semestre\Computer Graphics\Assignments-20220228\A18\A18\Assignment18.cpp(2052,20): warning C4018: '<': errata corrispondenza tra signed e unsigned
C:\Users\Francesca\OneDrive - Politecnico di Milano\Documenti\Milano\Secondo Semestre\Computer Graphics\Assignments-20220228\A18\A18\Assignment18.cpp(2058,20): warning C4018: '<': errata corrispondenza tra signed e unsigned
C:\Users\Francesca\OneDrive - Politecnico di Milano\Documenti\Milano\Secondo Semestre\Computer Graphics\Assignments-20220228\A18\A18\Assignment18.cpp(2067,20): warning C4018: '<': errata corrispondenza tra signed e unsigned
C:\Users\Francesca\OneDrive - Politecnico di Milano\Documenti\Milano\Secondo Semestre\Computer Graphics\Assignments-20220228\A18\A18\Assignment18.cpp(2070,20): warning C4018: '<': errata corrispondenza tra signed e unsigned
C:\Users\Francesca\OneDrive - Politecnico di Milano\Documenti\Milano\Secondo Semestre\Computer Graphics\Assignments-20220228\A18\A18\Assignment18.cpp(2076,20): warning C4018: '<': errata corrispondenza tra signed e unsigned
C:\Users\Francesca\OneDrive - Politecnico di Milano\Documenti\Milano\Secondo Semestre\Computer Graphics\Assignments-20220228\A18\A18\Assignment18.cpp(2674,1): warning C4244: '+=': conversione da 'double' a 'T'. Possibile perdita di dati.
          with
          [
              T=float
          ]
C:\Users\Francesca\OneDrive - Politecnico di Milano\Documenti\Milano\Secondo Semestre\Computer Graphics\Assignments-20220228\A18\A18\Assignment18.cpp(2675,1): warning C4244: '+=': conversione da 'double' a 'T'. Possibile perdita di dati.
          with
          [
              T=float
          ]
C:\Users\Francesca\OneDrive - Politecnico di Milano\Documenti\Milano\Secondo Semestre\Computer Graphics\Assignments-20220228\A18\A18\Assignment18.cpp(2736,14): warning C4101: 'delta': variabile locale senza riferimenti
Assignment18.obj : error LNK2019: riferimento al simbolo esterno _vkCreateInstance@12 non risolto nella funzione "private: void __thiscall Assignment18::createInstance(void)" (?createInstance@Assignment18@@AAEXXZ)
Assignment18.obj : error LNK2019: riferimento al simbolo esterno _vkDestroyInstance@8 non risolto nella funzione "private: void __thiscall Assignment18::cleanup(void)" (?cleanup@Assignment18@@AAEXXZ)
Assignment18.obj : error LNK2019: riferimento al simbolo esterno _vkEnumeratePhysicalDevices@12 non risolto nella funzione "private: void __thiscall Assignment18::pickPhysicalDevice(void)" (?pickPhysicalDevice@Assignment18@@AAEXXZ)
Assignment18.obj : error LNK2019: riferimento al simbolo esterno _vkGetPhysicalDeviceFeatures@8 non risolto nella funzione "private: bool __thiscall Assignment18::isDeviceSuitable(struct VkPhysicalDevice_T *)" (?isDeviceSuitable@Assignment18@@AAE_NPAUVkPhysicalDevice_T@@@Z)
Assignment18.obj : error LNK2019: riferimento al simbolo esterno _vkGetPhysicalDeviceFormatProperties@12 non risolto nella funzione "private: enum VkFormat __thiscall Assignment18::findSupportedFormat(class std::vector<enum VkFormat,class std::allocator<enum VkFormat> >,enum VkImageTiling,unsigned int)" (?findSupportedFormat@Assignment18@@AAE?AW4VkFormat@@V?$vector@W4VkFormat@@V?$allocator@W4VkFormat@@@std@@@std@@W4VkImageTiling@@I@Z)
Assignment18.obj : error LNK2019: riferimento al simbolo esterno _vkGetPhysicalDeviceProperties@8 non risolto nella funzione "private: enum VkSampleCountFlagBits __thiscall Assignment18::getMaxUsableSampleCount(void)" (?getMaxUsableSampleCount@Assignment18@@AAE?AW4VkSampleCountFlagBits@@XZ)
Assignment18.obj : error LNK2019: riferimento al simbolo esterno _vkGetPhysicalDeviceQueueFamilyProperties@12 non risolto nella funzione "private: struct QueueFamilyIndices __thiscall Assignment18::findQueueFamilies(struct VkPhysicalDevice_T *)" (?findQueueFamilies@Assignment18@@AAE?AUQueueFamilyIndices@@PAUVkPhysicalDevice_T@@@Z)
Assignment18.obj : error LNK2019: riferimento al simbolo esterno _vkGetPhysicalDeviceMemoryProperties@8 non risolto nella funzione "private: unsigned int __thiscall Assignment18::findMemoryType(unsigned int,unsigned int)" (?findMemoryType@Assignment18@@AAEIII@Z)
Assignment18.obj : error LNK2019: riferimento al simbolo esterno _vkGetInstanceProcAddr@8 non risolto nella funzione "enum VkResult __cdecl CreateDebugUtilsMessengerEXT(struct VkInstance_T *,struct VkDebugUtilsMessengerCreateInfoEXT const *,struct VkAllocationCallbacks const *,unsigned __int64 *)" (?CreateDebugUtilsMessengerEXT@@YA?AW4VkResult@@PAUVkInstance_T@@PBUVkDebugUtilsMessengerCreateInfoEXT@@PBUVkAllocationCallbacks@@PA_K@Z)
Assignment18.obj : error LNK2019: riferimento al simbolo esterno _vkCreateDevice@16 non risolto nella funzione "private: void __thiscall Assignment18::createLogicalDevice(void)" (?createLogicalDevice@Assignment18@@AAEXXZ)
Assignment18.obj : error LNK2019: riferimento al simbolo esterno _vkDestroyDevice@8 non risolto nella funzione "private: void __thiscall Assignment18::cleanup(void)" (?cleanup@Assignment18@@AAEXXZ)
Assignment18.obj : error LNK2019: riferimento al simbolo esterno _vkEnumerateInstanceExtensionProperties@12 non risolto nella funzione "private: void __thiscall Assignment18::createInstance(void)" (?createInstance@Assignment18@@AAEXXZ)
Assignment18.obj : error LNK2019: riferimento al simbolo esterno _vkEnumerateDeviceExtensionProperties@16 non risolto nella funzione "private: bool __thiscall Assignment18::checkDeviceExtensionSupport(struct VkPhysicalDevice_T *)" (?checkDeviceExtensionSupport@Assignment18@@AAE_NPAUVkPhysicalDevice_T@@@Z)
Assignment18.obj : error LNK2019: riferimento al simbolo esterno _vkEnumerateInstanceLayerProperties@8 non risolto nella funzione "private: bool __thiscall Assignment18::checkValidationLayerSupport(void)" (?checkValidationLayerSupport@Assignment18@@AAE_NXZ)
Assignment18.obj : error LNK2019: riferimento al simbolo esterno _vkGetDeviceQueue@16 non risolto nella funzione "private: void __thiscall Assignment18::createLogicalDevice(void)" (?createLogicalDevice@Assignment18@@AAEXXZ)
Assignment18.obj : error LNK2019: riferimento al simbolo esterno _vkQueueSubmit@20 non risolto nella funzione "private: void __thiscall Assignment18::drawFrame(void)" (?drawFrame@Assignment18@@AAEXXZ)
Assignment18.obj : error LNK2019: riferimento al simbolo esterno _vkQueueWaitIdle@4 non risolto nella funzione "private: void __thiscall Assignment18::endSingleTimeCommands(struct VkCommandBuffer_T *)" (?endSingleTimeCommands@Assignment18@@AAEXPAUVkCommandBuffer_T@@@Z)
Assignment18.obj : error LNK2019: riferimento al simbolo esterno _vkDeviceWaitIdle@4 non risolto nella funzione "private: void __thiscall Assignment18::mainLoop(void)" (?mainLoop@Assignment18@@AAEXXZ)
Assignment18.obj : error LNK2019: riferimento al simbolo esterno _vkAllocateMemory@16 non risolto nella funzione "private: void __thiscall Assignment18::createBuffer(unsigned __int64,unsigned int,unsigned int,unsigned __int64 &,unsigned __int64 &)" (?createBuffer@Assignment18@@AAEX_KIIAA_K1@Z)
Assignment18.obj : error LNK2019: riferimento al simbolo esterno _vkFreeMemory@16 non risolto nella funzione "private: void __thiscall Assignment18::cleanup(void)" (?cleanup@Assignment18@@AAEXXZ)
Assignment18.obj : error LNK2019: riferimento al simbolo esterno _vkMapMemory@36 non risolto nella funzione "private: void __thiscall Assignment18::createIndexBuffer(struct ModelData &)" (?createIndexBuffer@Assignment18@@AAEXAAUModelData@@@Z)
Assignment18.obj : error LNK2019: riferimento al simbolo esterno _vkUnmapMemory@12 non risolto nella funzione "private: void __thiscall Assignment18::createIndexBuffer(struct ModelData &)" (?createIndexBuffer@Assignment18@@AAEXAAUModelData@@@Z)
Assignment18.obj : error LNK2019: riferimento al simbolo esterno _vkBindBufferMemory@28 non risolto nella funzione "private: void __thiscall Assignment18::createBuffer(unsigned __int64,unsigned int,unsigned int,unsigned __int64 &,unsigned __int64 &)" (?createBuffer@Assignment18@@AAEX_KIIAA_K1@Z)
Assignment18.obj : error LNK2019: riferimento al simbolo esterno _vkBindImageMemory@28 non risolto nella funzione "private: void __thiscall Assignment18::createImage(unsigned int,unsigned int,unsigned int,enum VkSampleCountFlagBits,enum VkFormat,enum VkImageTiling,unsigned int,unsigned int,unsigned __int64 &,unsigned __int64 &)" (?createImage@Assignment18@@AAEXIIIW4VkSampleCountFlagBits@@W4VkFormat@@W4VkImageTiling@@IIAA_K3@Z)
Assignment18.obj : error LNK2019: riferimento al simbolo esterno _vkGetBufferMemoryRequirements@16 non risolto nella funzione "private: void __thiscall Assignment18::createBuffer(unsigned __int64,unsigned int,unsigned int,unsigned __int64 &,unsigned __int64 &)" (?createBuffer@Assignment18@@AAEX_KIIAA_K1@Z)
Assignment18.obj : error LNK2019: riferimento al simbolo esterno _vkGetImageMemoryRequirements@16 non risolto nella funzione "private: void __thiscall Assignment18::createImage(unsigned int,unsigned int,unsigned int,enum VkSampleCountFlagBits,enum VkFormat,enum VkImageTiling,unsigned int,unsigned int,unsigned __int64 &,unsigned __int64 &)" (?createImage@Assignment18@@AAEXIIIW4VkSampleCountFlagBits@@W4VkFormat@@W4VkImageTiling@@IIAA_K3@Z)
Assignment18.obj : error LNK2019: riferimento al simbolo esterno _vkCreateFence@16 non risolto nella funzione "private: void __thiscall Assignment18::createSyncObjects(void)" (?createSyncObjects@Assignment18@@AAEXXZ)
Assignment18.obj : error LNK2019: riferimento al simbolo esterno _vkDestroyFence@16 non risolto nella funzione "private: void __thiscall Assignment18::cleanup(void)" (?cleanup@Assignment18@@AAEXXZ)
Assignment18.obj : error LNK2019: riferimento al simbolo esterno _vkResetFences@12 non risolto nella funzione "private: void __thiscall Assignment18::drawFrame(void)" (?drawFrame@Assignment18@@AAEXXZ)
Assignment18.obj : error LNK2019: riferimento al simbolo esterno _vkWaitForFences@24 non risolto nella funzione "private: void __thiscall Assignment18::drawFrame(void)" (?drawFrame@Assignment18@@AAEXXZ)
Assignment18.obj : error LNK2019: riferimento al simbolo esterno _vkCreateSemaphore@16 non risolto nella funzione "private: void __thiscall Assignment18::createSyncObjects(void)" (?createSyncObjects@Assignment18@@AAEXXZ)
Assignment18.obj : error LNK2019: riferimento al simbolo esterno _vkDestroySemaphore@16 non risolto nella funzione "private: void __thiscall Assignment18::cleanup(void)" (?cleanup@Assignment18@@AAEXXZ)
Assignment18.obj : error LNK2019: riferimento al simbolo esterno _vkCreateBuffer@16 non risolto nella funzione "private: void __thiscall Assignment18::createBuffer(unsigned __int64,unsigned int,unsigned int,unsigned __int64 &,unsigned __int64 &)" (?createBuffer@Assignment18@@AAEX_KIIAA_K1@Z)
Assignment18.obj : error LNK2019: riferimento al simbolo esterno _vkDestroyBuffer@16 non risolto nella funzione "private: void __thiscall Assignment18::cleanup(void)" (?cleanup@Assignment18@@AAEXXZ)
Assignment18.obj : error LNK2019: riferimento al simbolo esterno _vkCreateImage@16 non risolto nella funzione "private: void __thiscall Assignment18::createImage(unsigned int,unsigned int,unsigned int,enum VkSampleCountFlagBits,enum VkFormat,enum VkImageTiling,unsigned int,unsigned int,unsigned __int64 &,unsigned __int64 &)" (?createImage@Assignment18@@AAEXIIIW4VkSampleCountFlagBits@@W4VkFormat@@W4VkImageTiling@@IIAA_K3@Z)
Assignment18.obj : error LNK2019: riferimento al simbolo esterno _vkDestroyImage@16 non risolto nella funzione "private: void __thiscall Assignment18::cleanup(void)" (?cleanup@Assignment18@@AAEXXZ)
Assignment18.obj : error LNK2019: riferimento al simbolo esterno _vkCreateImageView@16 non risolto nella funzione "private: unsigned __int64 __thiscall Assignment18::createImageView(unsigned __int64,enum VkFormat,unsigned int,unsigned int,enum VkImageViewType,int)" (?createImageView@Assignment18@@AAE_K_KW4VkFormat@@IIW4VkImageViewType@@H@Z)
Assignment18.obj : error LNK2019: riferimento al simbolo esterno _vkDestroyImageView@16 non risolto nella funzione "private: void __thiscall Assignment18::cleanup(void)" (?cleanup@Assignment18@@AAEXXZ)
Assignment18.obj : error LNK2019: riferimento al simbolo esterno _vkCreateShaderModule@16 non risolto nella funzione "private: unsigned __int64 __thiscall Assignment18::createShaderModule(class std::vector<char,class std::allocator<char> > const &)" (?createShaderModule@Assignment18@@AAE_KABV?$vector@DV?$allocator@D@std@@@std@@@Z)
Assignment18.obj : error LNK2019: riferimento al simbolo esterno _vkDestroyShaderModule@16 non risolto nella funzione "private: void __thiscall Assignment18::createPipeline(char const *,char const *,unsigned __int64 &,unsigned __int64 &,unsigned __int64 &,enum VkCompareOp,enum VkPolygonMode,enum VkCullModeFlagBits,bool,struct VertexDescriptor &)" (?createPipeline@Assignment18@@AAEXPBD0AA_K11W4VkCompareOp@@W4VkPolygonMode@@W4VkCullModeFlagBits@@_NAAUVertexDescriptor@@@Z)
Assignment18.obj : error LNK2019: riferimento al simbolo esterno _vkCreateGraphicsPipelines@28 non risolto nella funzione "private: void __thiscall Assignment18::createPipeline(char const *,char const *,unsigned __int64 &,unsigned __int64 &,unsigned __int64 &,enum VkCompareOp,enum VkPolygonMode,enum VkCullModeFlagBits,bool,struct VertexDescriptor &)" (?createPipeline@Assignment18@@AAEXPBD0AA_K11W4VkCompareOp@@W4VkPolygonMode@@W4VkCullModeFlagBits@@_NAAUVertexDescriptor@@@Z)
Assignment18.obj : error LNK2019: riferimento al simbolo esterno _vkDestroyPipeline@16 non risolto nella funzione "private: void __thiscall Assignment18::cleanupSwapChain(void)" (?cleanupSwapChain@Assignment18@@AAEXXZ)
Assignment18.obj : error LNK2019: riferimento al simbolo esterno _vkCreatePipelineLayout@16 non risolto nella funzione "private: void __thiscall Assignment18::createPipeline(char const *,char const *,unsigned __int64 &,unsigned __int64 &,unsigned __int64 &,enum VkCompareOp,enum VkPolygonMode,enum VkCullModeFlagBits,bool,struct VertexDescriptor &)" (?createPipeline@Assignment18@@AAEXPBD0AA_K11W4VkCompareOp@@W4VkPolygonMode@@W4VkCullModeFlagBits@@_NAAUVertexDescriptor@@@Z)
Assignment18.obj : error LNK2019: riferimento al simbolo esterno _vkDestroyPipelineLayout@16 non risolto nella funzione "private: void __thiscall Assignment18::cleanupSwapChain(void)" (?cleanupSwapChain@Assignment18@@AAEXXZ)
Assignment18.obj : error LNK2019: riferimento al simbolo esterno _vkCreateSampler@16 non risolto nella funzione "private: void __thiscall Assignment18::createTextureSampler(struct TextureData &)" (?createTextureSampler@Assignment18@@AAEXAAUTextureData@@@Z)
Assignment18.obj : error LNK2019: riferimento al simbolo esterno _vkDestroySampler@16 non risolto nella funzione "private: void __thiscall Assignment18::cleanup(void)" (?cleanup@Assignment18@@AAEXXZ)
Assignment18.obj : error LNK2019: riferimento al simbolo esterno _vkCreateDescriptorSetLayout@16 non risolto nella funzione "private: void __thiscall Assignment18::createPhongDescriptorSetLayout(void)" (?createPhongDescriptorSetLayout@Assignment18@@AAEXXZ)
Assignment18.obj : error LNK2019: riferimento al simbolo esterno _vkDestroyDescriptorSetLayout@16 non risolto nella funzione "private: void __thiscall Assignment18::cleanup(void)" (?cleanup@Assignment18@@AAEXXZ)
Assignment18.obj : error LNK2019: riferimento al simbolo esterno _vkCreateDescriptorPool@16 non risolto nella funzione "private: void __thiscall Assignment18::createDescriptorPool(void)" (?createDescriptorPool@Assignment18@@AAEXXZ)
Assignment18.obj : error LNK2019: riferimento al simbolo esterno _vkDestroyDescriptorPool@16 non risolto nella funzione "private: void __thiscall Assignment18::cleanupSwapChain(void)" (?cleanupSwapChain@Assignment18@@AAEXXZ)
Assignment18.obj : error LNK2019: riferimento al simbolo esterno _vkAllocateDescriptorSets@12 non risolto nella funzione "private: void __thiscall Assignment18::createPhongDescriptorSets(void)" (?createPhongDescriptorSets@Assignment18@@AAEXXZ)
Assignment18.obj : error LNK2019: riferimento al simbolo esterno _vkUpdateDescriptorSets@20 non risolto nella funzione "private: void __thiscall Assignment18::createPhongDescriptorSets(void)" (?createPhongDescriptorSets@Assignment18@@AAEXXZ)
Assignment18.obj : error LNK2019: riferimento al simbolo esterno _vkCreateFramebuffer@16 non risolto nella funzione "private: void __thiscall Assignment18::createFramebuffers(void)" (?createFramebuffers@Assignment18@@AAEXXZ)
Assignment18.obj : error LNK2019: riferimento al simbolo esterno _vkDestroyFramebuffer@16 non risolto nella funzione "private: void __thiscall Assignment18::cleanupSwapChain(void)" (?cleanupSwapChain@Assignment18@@AAEXXZ)
Assignment18.obj : error LNK2019: riferimento al simbolo esterno _vkCreateRenderPass@16 non risolto nella funzione "private: void __thiscall Assignment18::createRenderPass(void)" (?createRenderPass@Assignment18@@AAEXXZ)
Assignment18.obj : error LNK2019: riferimento al simbolo esterno _vkDestroyRenderPass@16 non risolto nella funzione "private: void __thiscall Assignment18::cleanupSwapChain(void)" (?cleanupSwapChain@Assignment18@@AAEXXZ)
Assignment18.obj : error LNK2019: riferimento al simbolo esterno _vkCreateCommandPool@16 non risolto nella funzione "private: void __thiscall Assignment18::createCommandPool(void)" (?createCommandPool@Assignment18@@AAEXXZ)
Assignment18.obj : error LNK2019: riferimento al simbolo esterno _vkDestroyCommandPool@16 non risolto nella funzione "private: void __thiscall Assignment18::cleanup(void)" (?cleanup@Assignment18@@AAEXXZ)
Assignment18.obj : error LNK2019: riferimento al simbolo esterno _vkAllocateCommandBuffers@12 non risolto nella funzione "private: struct VkCommandBuffer_T * __thiscall Assignment18::beginSingleTimeCommands(void)" (?beginSingleTimeCommands@Assignment18@@AAEPAUVkCommandBuffer_T@@XZ)
Assignment18.obj : error LNK2019: riferimento al simbolo esterno _vkFreeCommandBuffers@20 non risolto nella funzione "private: void __thiscall Assignment18::cleanupSwapChain(void)" (?cleanupSwapChain@Assignment18@@AAEXXZ)
Assignment18.obj : error LNK2019: riferimento al simbolo esterno _vkBeginCommandBuffer@8 non risolto nella funzione "private: struct VkCommandBuffer_T * __thiscall Assignment18::beginSingleTimeCommands(void)" (?beginSingleTimeCommands@Assignment18@@AAEPAUVkCommandBuffer_T@@XZ)
Assignment18.obj : error LNK2019: riferimento al simbolo esterno _vkEndCommandBuffer@4 non risolto nella funzione "private: void __thiscall Assignment18::createCommandBuffers(void)" (?createCommandBuffers@Assignment18@@AAEXXZ)
Assignment18.obj : error LNK2019: riferimento al simbolo esterno _vkCmdBindPipeline@16 non risolto nella funzione "private: void __thiscall Assignment18::createCommandBuffers(void)" (?createCommandBuffers@Assignment18@@AAEXXZ)
Assignment18.obj : error LNK2019: riferimento al simbolo esterno _vkCmdBindDescriptorSets@36 non risolto nella funzione "private: void __thiscall Assignment18::createCommandBuffers(void)" (?createCommandBuffers@Assignment18@@AAEXXZ)
Assignment18.obj : error LNK2019: riferimento al simbolo esterno _vkCmdBindIndexBuffer@24 non risolto nella funzione "private: void __thiscall Assignment18::createCommandBuffers(void)" (?createCommandBuffers@Assignment18@@AAEXXZ)
Assignment18.obj : error LNK2019: riferimento al simbolo esterno _vkCmdBindVertexBuffers@20 non risolto nella funzione "private: void __thiscall Assignment18::createCommandBuffers(void)" (?createCommandBuffers@Assignment18@@AAEXXZ)
Assignment18.obj : error LNK2019: riferimento al simbolo esterno _vkCmdDrawIndexed@24 non risolto nella funzione "private: void __thiscall Assignment18::createCommandBuffers(void)" (?createCommandBuffers@Assignment18@@AAEXXZ)
Assignment18.obj : error LNK2019: riferimento al simbolo esterno _vkCmdCopyBuffer@28 non risolto nella funzione "private: void __thiscall Assignment18::copyBuffer(unsigned __int64,unsigned __int64,unsigned __int64)" (?copyBuffer@Assignment18@@AAEX_K00@Z)
Assignment18.obj : error LNK2019: riferimento al simbolo esterno _vkCmdBlitImage@40 non risolto nella funzione "private: void __thiscall Assignment18::generateMipmaps(unsigned __int64,enum VkFormat,int,int,unsigned int,int)" (?generateMipmaps@Assignment18@@AAEX_KW4VkFormat@@HHIH@Z)
Assignment18.obj : error LNK2019: riferimento al simbolo esterno _vkCmdCopyBufferToImage@32 non risolto nella funzione "private: void __thiscall Assignment18::copyBufferToImage(unsigned __int64,unsigned __int64,unsigned int,unsigned int,int)" (?copyBufferToImage@Assignment18@@AAEX_K0IIH@Z)
Assignment18.obj : error LNK2019: riferimento al simbolo esterno _vkCmdPipelineBarrier@40 non risolto nella funzione "private: void __thiscall Assignment18::generateMipmaps(unsigned __int64,enum VkFormat,int,int,unsigned int,int)" (?generateMipmaps@Assignment18@@AAEX_KW4VkFormat@@HHIH@Z)
Assignment18.obj : error LNK2019: riferimento al simbolo esterno _vkCmdBeginRenderPass@12 non risolto nella funzione "private: void __thiscall Assignment18::createCommandBuffers(void)" (?createCommandBuffers@Assignment18@@AAEXXZ)
Assignment18.obj : error LNK2019: riferimento al simbolo esterno _vkCmdEndRenderPass@4 non risolto nella funzione "private: void __thiscall Assignment18::createCommandBuffers(void)" (?createCommandBuffers@Assignment18@@AAEXXZ)
Assignment18.obj : error LNK2019: riferimento al simbolo esterno _vkDestroySurfaceKHR@16 non risolto nella funzione "private: void __thiscall Assignment18::cleanup(void)" (?cleanup@Assignment18@@AAEXXZ)
Assignment18.obj : error LNK2019: riferimento al simbolo esterno _vkGetPhysicalDeviceSurfaceSupportKHR@20 non risolto nella funzione "private: struct QueueFamilyIndices __thiscall Assignment18::findQueueFamilies(struct VkPhysicalDevice_T *)" (?findQueueFamilies@Assignment18@@AAE?AUQueueFamilyIndices@@PAUVkPhysicalDevice_T@@@Z)
Assignment18.obj : error LNK2019: riferimento al simbolo esterno _vkGetPhysicalDeviceSurfaceCapabilitiesKHR@16 non risolto nella funzione "private: struct SwapChainSupportDetails __thiscall Assignment18::querySwapChainSupport(struct VkPhysicalDevice_T *)" (?querySwapChainSupport@Assignment18@@AAE?AUSwapChainSupportDetails@@PAUVkPhysicalDevice_T@@@Z)
Assignment18.obj : error LNK2019: riferimento al simbolo esterno _vkGetPhysicalDeviceSurfaceFormatsKHR@20 non risolto nella funzione "private: struct SwapChainSupportDetails __thiscall Assignment18::querySwapChainSupport(struct VkPhysicalDevice_T *)" (?querySwapChainSupport@Assignment18@@AAE?AUSwapChainSupportDetails@@PAUVkPhysicalDevice_T@@@Z)
Assignment18.obj : error LNK2019: riferimento al simbolo esterno _vkGetPhysicalDeviceSurfacePresentModesKHR@20 non risolto nella funzione "private: struct SwapChainSupportDetails __thiscall Assignment18::querySwapChainSupport(struct VkPhysicalDevice_T *)" (?querySwapChainSupport@Assignment18@@AAE?AUSwapChainSupportDetails@@PAUVkPhysicalDevice_T@@@Z)
Assignment18.obj : error LNK2019: riferimento al simbolo esterno _vkCreateSwapchainKHR@16 non risolto nella funzione "private: void __thiscall Assignment18::createSwapChain(void)" (?createSwapChain@Assignment18@@AAEXXZ)
Assignment18.obj : error LNK2019: riferimento al simbolo esterno _vkDestroySwapchainKHR@16 non risolto nella funzione "private: void __thiscall Assignment18::cleanupSwapChain(void)" (?cleanupSwapChain@Assignment18@@AAEXXZ)
Assignment18.obj : error LNK2019: riferimento al simbolo esterno _vkGetSwapchainImagesKHR@20 non risolto nella funzione "private: void __thiscall Assignment18::createSwapChain(void)" (?createSwapChain@Assignment18@@AAEXXZ)
Assignment18.obj : error LNK2019: riferimento al simbolo esterno _vkAcquireNextImageKHR@40 non risolto nella funzione "private: void __thiscall Assignment18::drawFrame(void)" (?drawFrame@Assignment18@@AAEXXZ)
Assignment18.obj : error LNK2019: riferimento al simbolo esterno _vkQueuePresentKHR@8 non risolto nella funzione "private: void __thiscall Assignment18::drawFrame(void)" (?drawFrame@Assignment18@@AAEXXZ)
Assignment18.obj : error LNK2019: riferimento al simbolo esterno _glfwInit non risolto nella funzione "private: void __thiscall Assignment18::initWindow(void)" (?initWindow@Assignment18@@AAEXXZ)
Assignment18.obj : error LNK2019: riferimento al simbolo esterno _glfwTerminate non risolto nella funzione "private: void __thiscall Assignment18::cleanup(void)" (?cleanup@Assignment18@@AAEXXZ)
Assignment18.obj : error LNK2019: riferimento al simbolo esterno _glfwWindowHint non risolto nella funzione "private: void __thiscall Assignment18::initWindow(void)" (?initWindow@Assignment18@@AAEXXZ)
Assignment18.obj : error LNK2019: riferimento al simbolo esterno _glfwCreateWindow non risolto nella funzione "private: void __thiscall Assignment18::initWindow(void)" (?initWindow@Assignment18@@AAEXXZ)
Assignment18.obj : error LNK2019: riferimento al simbolo esterno _glfwDestroyWindow non risolto nella funzione "private: void __thiscall Assignment18::cleanup(void)" (?cleanup@Assignment18@@AAEXXZ)
Assignment18.obj : error LNK2019: riferimento al simbolo esterno _glfwWindowShouldClose non risolto nella funzione "private: void __thiscall Assignment18::mainLoop(void)" (?mainLoop@Assignment18@@AAEXXZ)
Assignment18.obj : error LNK2019: riferimento al simbolo esterno _glfwGetFramebufferSize non risolto nella funzione "private: struct VkExtent2D __thiscall Assignment18::chooseSwapExtent(struct VkSurfaceCapabilitiesKHR const &)" (?chooseSwapExtent@Assignment18@@AAE?AUVkExtent2D@@ABUVkSurfaceCapabilitiesKHR@@@Z)
Assignment18.obj : error LNK2019: riferimento al simbolo esterno _glfwSetWindowUserPointer non risolto nella funzione "private: void __thiscall Assignment18::initWindow(void)" (?initWindow@Assignment18@@AAEXXZ)
Assignment18.obj : error LNK2019: riferimento al simbolo esterno _glfwGetWindowUserPointer non risolto nella funzione "private: static void __cdecl Assignment18::framebufferResizeCallback(struct GLFWwindow *,int,int)" (?framebufferResizeCallback@Assignment18@@CAXPAUGLFWwindow@@HH@Z)
Assignment18.obj : error LNK2019: riferimento al simbolo esterno _glfwSetFramebufferSizeCallback non risolto nella funzione "private: void __thiscall Assignment18::initWindow(void)" (?initWindow@Assignment18@@AAEXXZ)
Assignment18.obj : error LNK2019: riferimento al simbolo esterno _glfwPollEvents non risolto nella funzione "private: void __thiscall Assignment18::mainLoop(void)" (?mainLoop@Assignment18@@AAEXXZ)
Assignment18.obj : error LNK2019: riferimento al simbolo esterno _glfwWaitEvents non risolto nella funzione "private: void __thiscall Assignment18::recreateSwapChain(void)" (?recreateSwapChain@Assignment18@@AAEXXZ)
Assignment18.obj : error LNK2019: riferimento al simbolo esterno _glfwSetInputMode non risolto nella funzione "private: void __thiscall Assignment18::updateUniformBuffer(unsigned int)" (?updateUniformBuffer@Assignment18@@AAEXI@Z)
Assignment18.obj : error LNK2019: riferimento al simbolo esterno _glfwGetKey non risolto nella funzione "private: void __thiscall Assignment18::mainLoop(void)" (?mainLoop@Assignment18@@AAEXXZ)
Assignment18.obj : error LNK2019: riferimento al simbolo esterno _glfwGetMouseButton non risolto nella funzione "private: void __thiscall Assignment18::updateUniformBuffer(unsigned int)" (?updateUniformBuffer@Assignment18@@AAEXI@Z)
Assignment18.obj : error LNK2019: riferimento al simbolo esterno _glfwGetCursorPos non risolto nella funzione "private: void __thiscall Assignment18::updateUniformBuffer(unsigned int)" (?updateUniformBuffer@Assignment18@@AAEXI@Z)
Assignment18.obj : error LNK2019: riferimento al simbolo esterno _glfwGetRequiredInstanceExtensions non risolto nella funzione "private: void __thiscall Assignment18::createInstance(void)" (?createInstance@Assignment18@@AAEXXZ)
Assignment18.obj : error LNK2019: riferimento al simbolo esterno _glfwCreateWindowSurface non risolto nella funzione "private: void __thiscall Assignment18::createSurface(void)" (?createSurface@Assignment18@@AAEXXZ)
C:\VulkanSDK\1.3.204.0\Lib\vulkan-1.lib : warning LNK4272: il tipo 'x64' del computer della libreria è in conflitto con il tipo 'x86' del computer di destinazione
C:\ProgramData\Microsoft\Windows\Start Menu\Programs\Visual Studio 2019\Visual Studio Tools\Libraries\glfw-3.3.6.bin.WIN64\lib-vc2015\glfw3.lib : warning LNK4272: il tipo 'x64' del computer della libreria è in conflitto con il tipo 'x86' del computer di destinazione
C:\Users\Francesca\OneDrive - Politecnico di Milano\Documenti\Milano\Secondo Semestre\Computer Graphics\Assignments-20220228\A18\A18\Debug\A18.exe : fatal error LNK1120: 101 esterni non risolti
